------------------------------------------------------------
Compute mb(mb) from mb(mb)=mub GeV and alpha_s(mb)=0.223
alphas(4.2)       = 0.223
mb(4.2)           = 4.2
alphas(mb)       = 0.223
mb(mb)           = 4.2
mb(mb) (mMS2mSI) = 4.2
------------------------------------------------------------
Compute mt(mt) from mt(on shell)
alphas(173.06) = 0.107573
mt(173.06)     = 162.541
mt(mt)         = 163.681
------------------------------------------------------------
Compute mb(Mt) and mb(mt(mt)) from mb(mb)
mb(173.06)       = 2.73866
mb(mt(mt))       = 2.75051
------------------------------------------------------------
compute mc(on shell) & mb(on shell) from mc(mc) and mb(mb)
Mb (2 loops) = 4.79709
Mb (3 loops) = 4.94067
Mc (2 loops) = 1.48144
Mc (3 loops) = 1.55897
------------------------------------------------------------
